<?xml version="1.0" encoding="UTF-8"?>
<!-- Generated by org.testng.reporters.JUnitXMLReporter -->
<testsuite ignored="0" hostname="HPEnvy" failures="0" tests="3" name="FlipkartTest1" time="12.951" errors="0" timestamp="2025-09-28T13:12:56 IST">
  <testcase classname="tests.HomePageTest" name="testLogo" time="0.148"/>
  <testcase classname="tests.HomePageTest" name="testSearchField" time="0.103"/>
  <testcase classname="tests.NotificationPageTest" name="testPageTitle" time="1.574"/>
</testsuite> <!-- FlipkartTest1 -->
