<?xml version="1.0" encoding="UTF-8"?>
<!-- Generated by org.testng.reporters.JUnitXMLReporter -->
<testsuite ignored="0" hostname="HPEnvy" failures="0" tests="3" name="FlipkartHomePageTest" time="5.644" errors="0" timestamp="2025-12-13T17:31:24 IST">
  <testcase classname="tests.HomePageTest" name="testFashionSubMenu" time="0.619"/>
  <testcase classname="tests.HomePageTest" name="testLogo" time="0.063"/>
  <testcase classname="tests.HomePageTest" name="testSearchField" time="0.082"/>
</testsuite> <!-- FlipkartHomePageTest -->
