<?xml version="1.0" encoding="UTF-8"?>
<!-- Generated by org.testng.reporters.JUnitXMLReporter -->
<testsuite ignored="0" hostname="HPEnvy" failures="0" tests="3" name="FlipkartHomePageTest" time="5.708" errors="0" timestamp="2026-01-15T14:38:54 IST">
  <testcase classname="tests.HomePageTest" name="testFashionSubMenu" time="0.474"/>
  <testcase classname="tests.HomePageTest" name="testLogo" time="0.08"/>
  <testcase classname="tests.HomePageTest" name="testSearchField" time="0.042"/>
</testsuite> <!-- FlipkartHomePageTest -->
