<?xml version="1.0" encoding="UTF-8"?>
<!-- Generated by org.testng.reporters.JUnitXMLReporter -->
<testsuite ignored="0" hostname="HPEnvy" failures="0" tests="3" name="FlipkartHomePageTest" time="8.177" errors="0" timestamp="2025-12-24T10:52:32 IST">
  <testcase classname="tests.HomePageTest" name="testFashionSubMenu" time="1.268"/>
  <testcase classname="tests.HomePageTest" name="testLogo" time="0.121"/>
  <testcase classname="tests.HomePageTest" name="testSearchField" time="0.105"/>
</testsuite> <!-- FlipkartHomePageTest -->
