<?xml version="1.0" encoding="UTF-8"?>
<testng-results ignored="0" total="5" passed="5" failed="0" skipped="0">
  <reporter-output>
  </reporter-output>
  <suite started-at="2026-01-15T14:38:48 IST" name="Suite" finished-at="2026-01-15T14:39:04 IST" duration-ms="15767">
    <groups>
    </groups>
    <test started-at="2026-01-15T14:38:48 IST" name="FlipkartHomePageTest" finished-at="2026-01-15T14:38:54 IST" duration-ms="5708">
      <class name="tests.HomePageTest">
        <test-method is-config="true" signature="setUp(org.testng.ITestContext)[pri:0, instance:tests.HomePageTest@f316aeb]" started-at="2026-01-15T14:38:48 IST" name="setUp" finished-at="2026-01-15T14:38:53 IST" duration-ms="4672" status="PASS">
          <params>
            <param index="0">
              <value>
                <![CDATA[org.testng.TestRunner@6e829e50]]>
              </value>
            </param>
          </params>
          <reporter-output>
          </reporter-output>
        </test-method> <!-- setUp -->
        <test-method signature="testFashionSubMenu()[pri:0, instance:tests.HomePageTest@f316aeb]" started-at="2026-01-15T14:38:53 IST" name="testFashionSubMenu" finished-at="2026-01-15T14:38:54 IST" duration-ms="474" status="PASS">
          <reporter-output>
          </reporter-output>
        </test-method> <!-- testFashionSubMenu -->
        <test-method signature="testLogo()[pri:0, instance:tests.HomePageTest@f316aeb]" started-at="2026-01-15T14:38:54 IST" name="testLogo" finished-at="2026-01-15T14:38:54 IST" duration-ms="80" status="PASS">
          <reporter-output>
          </reporter-output>
        </test-method> <!-- testLogo -->
        <test-method signature="testSearchField()[pri:0, instance:tests.HomePageTest@f316aeb]" started-at="2026-01-15T14:38:54 IST" name="testSearchField" finished-at="2026-01-15T14:38:54 IST" duration-ms="42" status="PASS">
          <reporter-output>
          </reporter-output>
        </test-method> <!-- testSearchField -->
        <test-method is-config="true" signature="tearDown()[pri:0, instance:tests.HomePageTest@f316aeb]" started-at="2026-01-15T14:38:54 IST" name="tearDown" finished-at="2026-01-15T14:38:54 IST" duration-ms="346" status="PASS">
          <reporter-output>
          </reporter-output>
        </test-method> <!-- tearDown -->
      </class> <!-- tests.HomePageTest -->
    </test> <!-- FlipkartHomePageTest -->
    <test started-at="2026-01-15T14:38:54 IST" name="FlipkartNotificationPageTest" finished-at="2026-01-15T14:38:59 IST" duration-ms="5106">
      <class name="tests.NotificationPageTest">
        <test-method is-config="true" signature="setUp(org.testng.ITestContext)[pri:0, instance:tests.NotificationPageTest@76012793]" started-at="2026-01-15T14:38:54 IST" name="setUp" finished-at="2026-01-15T14:38:57 IST" duration-ms="3092" status="PASS">
          <params>
            <param index="0">
              <value>
                <![CDATA[org.testng.TestRunner@4aa2877c]]>
              </value>
            </param>
          </params>
          <reporter-output>
          </reporter-output>
        </test-method> <!-- setUp -->
        <test-method signature="testPageTitle()[pri:0, instance:tests.NotificationPageTest@76012793]" started-at="2026-01-15T14:38:57 IST" name="testPageTitle" finished-at="2026-01-15T14:38:59 IST" duration-ms="1428" status="PASS">
          <reporter-output>
          </reporter-output>
        </test-method> <!-- testPageTitle -->
        <test-method is-config="true" signature="tearDown()[pri:0, instance:tests.NotificationPageTest@76012793]" started-at="2026-01-15T14:38:59 IST" name="tearDown" finished-at="2026-01-15T14:38:59 IST" duration-ms="575" status="PASS">
          <reporter-output>
          </reporter-output>
        </test-method> <!-- tearDown -->
      </class> <!-- tests.NotificationPageTest -->
    </test> <!-- FlipkartNotificationPageTest -->
    <test started-at="2026-01-15T14:38:59 IST" name="CustomerCarePageTest" finished-at="2026-01-15T14:39:04 IST" duration-ms="4918">
      <class name="tests.customerCarePageTest">
        <test-method is-config="true" signature="setUp(org.testng.ITestContext)[pri:0, instance:tests.customerCarePageTest@3212a8d7]" started-at="2026-01-15T14:38:59 IST" name="setUp" finished-at="2026-01-15T14:39:02 IST" duration-ms="3293" status="PASS">
          <params>
            <param index="0">
              <value>
                <![CDATA[org.testng.TestRunner@307e4c44]]>
              </value>
            </param>
          </params>
          <reporter-output>
          </reporter-output>
        </test-method> <!-- setUp -->
        <test-method signature="customerCarePageTitleTest()[pri:0, instance:tests.customerCarePageTest@3212a8d7]" started-at="2026-01-15T14:39:03 IST" name="customerCarePageTitleTest" finished-at="2026-01-15T14:39:04 IST" duration-ms="1203" status="PASS">
          <reporter-output>
          </reporter-output>
        </test-method> <!-- customerCarePageTitleTest -->
        <test-method is-config="true" signature="tearDown()[pri:0, instance:tests.customerCarePageTest@3212a8d7]" started-at="2026-01-15T14:39:04 IST" name="tearDown" finished-at="2026-01-15T14:39:04 IST" duration-ms="417" status="PASS">
          <reporter-output>
          </reporter-output>
        </test-method> <!-- tearDown -->
      </class> <!-- tests.customerCarePageTest -->
    </test> <!-- CustomerCarePageTest -->
  </suite> <!-- Suite -->
</testng-results>
