<?xml version="1.0" encoding="UTF-8"?>
<testng-results ignored="0" total="4" passed="4" failed="0" skipped="0">
  <reporter-output>
  </reporter-output>
  <suite started-at="2025-12-13T17:31:19 IST" name="Suite" finished-at="2025-12-13T17:31:29 IST" duration-ms="10385">
    <groups>
    </groups>
    <test started-at="2025-12-13T17:31:19 IST" name="FlipkartHomePageTest" finished-at="2025-12-13T17:31:24 IST" duration-ms="5644">
      <class name="tests.HomePageTest">
        <test-method is-config="true" signature="setUp(org.testng.ITestContext)[pri:0, instance:tests.HomePageTest@6ad59d92]" started-at="2025-12-13T17:31:19 IST" name="setUp" finished-at="2025-12-13T17:31:23 IST" duration-ms="4542" status="PASS">
          <params>
            <param index="0">
              <value>
                <![CDATA[org.testng.TestRunner@664212ab]]>
              </value>
            </param>
          </params>
          <reporter-output>
          </reporter-output>
        </test-method> <!-- setUp -->
        <test-method signature="testFashionSubMenu()[pri:0, instance:tests.HomePageTest@6ad59d92]" started-at="2025-12-13T17:31:23 IST" name="testFashionSubMenu" finished-at="2025-12-13T17:31:24 IST" duration-ms="619" status="PASS">
          <reporter-output>
          </reporter-output>
        </test-method> <!-- testFashionSubMenu -->
        <test-method signature="testLogo()[pri:0, instance:tests.HomePageTest@6ad59d92]" started-at="2025-12-13T17:31:24 IST" name="testLogo" finished-at="2025-12-13T17:31:24 IST" duration-ms="63" status="PASS">
          <reporter-output>
          </reporter-output>
        </test-method> <!-- testLogo -->
        <test-method signature="testSearchField()[pri:0, instance:tests.HomePageTest@6ad59d92]" started-at="2025-12-13T17:31:24 IST" name="testSearchField" finished-at="2025-12-13T17:31:24 IST" duration-ms="82" status="PASS">
          <reporter-output>
          </reporter-output>
        </test-method> <!-- testSearchField -->
        <test-method is-config="true" signature="tearDown()[pri:0, instance:tests.HomePageTest@6ad59d92]" started-at="2025-12-13T17:31:24 IST" name="tearDown" finished-at="2025-12-13T17:31:24 IST" duration-ms="271" status="PASS">
          <reporter-output>
          </reporter-output>
        </test-method> <!-- tearDown -->
      </class> <!-- tests.HomePageTest -->
    </test> <!-- FlipkartHomePageTest -->
    <test started-at="2025-12-13T17:31:24 IST" name="FlipkartNotificationPageTest" finished-at="2025-12-13T17:31:29 IST" duration-ms="4716">
      <class name="tests.NotificationPageTest">
        <test-method is-config="true" signature="setUp(org.testng.ITestContext)[pri:0, instance:tests.NotificationPageTest@18920cc]" started-at="2025-12-13T17:31:24 IST" name="setUp" finished-at="2025-12-13T17:31:27 IST" duration-ms="2925" status="PASS">
          <params>
            <param index="0">
              <value>
                <![CDATA[org.testng.TestRunner@2693c618]]>
              </value>
            </param>
          </params>
          <reporter-output>
          </reporter-output>
        </test-method> <!-- setUp -->
        <test-method signature="testPageTitle()[pri:0, instance:tests.NotificationPageTest@18920cc]" started-at="2025-12-13T17:31:27 IST" name="testPageTitle" finished-at="2025-12-13T17:31:29 IST" duration-ms="1523" status="PASS">
          <reporter-output>
          </reporter-output>
        </test-method> <!-- testPageTitle -->
        <test-method is-config="true" signature="tearDown()[pri:0, instance:tests.NotificationPageTest@18920cc]" started-at="2025-12-13T17:31:29 IST" name="tearDown" finished-at="2025-12-13T17:31:29 IST" duration-ms="255" status="PASS">
          <reporter-output>
          </reporter-output>
        </test-method> <!-- tearDown -->
      </class> <!-- tests.NotificationPageTest -->
    </test> <!-- FlipkartNotificationPageTest -->
  </suite> <!-- Suite -->
</testng-results>
