<?xml version="1.0" encoding="UTF-8"?>
<!-- Generated by org.testng.reporters.JUnitReportReporter -->
<testsuite hostname="HPEnvy" failures="0" tests="3" name="tests.HomePageTest" time="0.764" errors="0" timestamp="2025-12-13T17:31:31 IST" skipped="0">
  <testcase classname="tests.HomePageTest" name="testLogo" time="0.063"/>
  <testcase classname="tests.HomePageTest" name="testSearchField" time="0.082"/>
  <testcase classname="tests.HomePageTest" name="testFashionSubMenu" time="0.619"/>
</testsuite> <!-- tests.HomePageTest -->
