<?xml version="1.0" encoding="UTF-8"?>
<!-- Generated by org.testng.reporters.JUnitReportReporter -->
<testsuite hostname="HPEnvy" failures="0" tests="3" name="tests.HomePageTest" time="0.596" errors="0" timestamp="2026-01-15T14:39:06 IST" skipped="0">
  <testcase classname="tests.HomePageTest" name="testSearchField" time="0.042"/>
  <testcase classname="tests.HomePageTest" name="testLogo" time="0.080"/>
  <testcase classname="tests.HomePageTest" name="testFashionSubMenu" time="0.474"/>
</testsuite> <!-- tests.HomePageTest -->
