<?xml version="1.0" encoding="UTF-8"?>
<!-- Generated by org.testng.reporters.JUnitReportReporter -->
<testsuite hostname="HPEnvy" failures="0" tests="3" name="tests.HomePageTest" time="1.494" errors="0" timestamp="2025-12-24T10:52:47 IST" skipped="0">
  <testcase classname="tests.HomePageTest" name="testLogo" time="0.121"/>
  <testcase classname="tests.HomePageTest" name="testSearchField" time="0.105"/>
  <testcase classname="tests.HomePageTest" name="testFashionSubMenu" time="1.268"/>
</testsuite> <!-- tests.HomePageTest -->
